<?xml version="1.0" encoding="UTF-8"?>
<!-- Generated by org.testng.reporters.JUnitReportReporter -->
<testsuite skipped="0" hostname="FIAZ" name="tests.AutomatedTesterTests" tests="4" failures="0" timestamp="2020-11-24T16:33:20 PKT" time="1.618" errors="0">
  <testcase name="VerifyHomepage" time="0.030" classname="tests.AutomatedTesterTests"/>
  <system-out/>
  <testcase name="ClickChapter1" time="0.869" classname="tests.AutomatedTesterTests"/>
  <system-out/>
  <testcase name="VerifyText" time="0.097" classname="tests.AutomatedTesterTests"/>
  <system-out/>
  <testcase name="NavigateToHome" time="0.622" classname="tests.AutomatedTesterTests"/>
  <system-out/>
</testsuite> <!-- tests.AutomatedTesterTests -->
