<?xml version="1.0" encoding="UTF-8"?>
<!-- Generated by org.testng.reporters.JUnitReportReporter -->
<testsuite skipped="0" hostname="DESKTOP-QD7GK1O" name="tests.AutomatedTesterTests" tests="4" failures="0" timestamp="2020-11-24T16:53:03 PKT" time="1.136" errors="0">
  <testcase name="VerifyHomepage" time="0.014" classname="tests.AutomatedTesterTests"/>
  <system-out/>
  <testcase name="ClickChapter1" time="0.510" classname="tests.AutomatedTesterTests"/>
  <system-out/>
  <testcase name="VerifyText" time="0.055" classname="tests.AutomatedTesterTests"/>
  <system-out/>
  <testcase name="NavigateToHome" time="0.557" classname="tests.AutomatedTesterTests"/>
  <system-out/>
</testsuite> <!-- tests.AutomatedTesterTests -->
